<?xml version="1.0" encoding="UTF-8" ?>
<testsuite tests="3" failures="1" name="With_Yaml.Temperature_yaml" time="5.279" errors="0" skipped="2">
  <properties>
[...]
</properties>
  <testcase classname="With_Yaml.Temperature_yaml" name="OpenBrowser" time="5.244">
    <failure message="session not created: This version of ChromeDriver only supports Chrome version 97
Current browser version is 99.0.4844.51 with binary path C:\Program Files\Google\Chrome\Application\chrome.exe
Build info: version: &apos;3.141.59&apos;, revision: &apos;e82be7d358&apos;, time: &apos;2018-11-14T08:17:03&apos;
System info: host: &apos;BADBOY&apos;, ip: &apos;172.30.112.1&apos;, os.name: &apos;Windows 10&apos;, os.arch: &apos;amd64&apos;, os.version: &apos;10.0&apos;, java.version: &apos;1.8.0_202&apos;
Driver info: driver.version: ChromeDriver
remote stacktrace: Backtrace:
	Ordinal0 [0x00CDFDC3+2555331]
	Ordinal0 [0x00C777F1+2127857]
	Ordinal0 [0x00B72E08+1060360]
	Ordinal0 [0x00B919CA+1186250]
	Ordinal0 [0x00B8D825+1169445]
	Ordinal0 [0x00B8AFC1+1159105]
	Ordinal0 [0x00BBC22F+1360431]
	Ordinal0 [0x00BBBE9A+1359514]
	Ordinal0 [0x00BB7976+1341814]
	Ordinal0 [0x00B936B6+1193654]
	Ordinal0 [0x00B94546+1197382]
	GetHandleVerifier [0x00E79622+1619522]
	GetHandleVerifier [0x00F2882C+2336844]
	GetHandleVerifier [0x00D723E1+541697]
	GetHandleVerifier [0x00D71443+537699]
	Ordinal0 [0x00C7D18E+2150798]
	Ordinal0 [0x00C81518+2168088]
	Ordinal0 [0x00C81660+2168416]
	Ordinal0 [0x00C8B330+2208560]
	BaseThreadInitThunk [0x75D16739+25]
	RtlGetFullPathName_UEx [0x77868E7F+1215]
	RtlGetFullPathName_UEx [0x77868E4D+1165]
" type="org.openqa.selenium.SessionNotCreatedException">org.openqa.selenium.SessionNotCreatedException: session not created: This version of ChromeDriver only supports Chrome version 97
Current browser version is 99.0.4844.51 with binary path C:\Program Files\Google\Chrome\Application\chrome.exe
Build info: version: &apos;3.141.59&apos;, revision: &apos;e82be7d358&apos;, time: &apos;2018-11-14T08:17:03&apos;
System info: host: &apos;BADBOY&apos;, ip: &apos;172.30.112.1&apos;, os.name: &apos;Windows 10&apos;, os.arch: &apos;amd64&apos;, os.version: &apos;10.0&apos;, java.version: &apos;1.8.0_202&apos;
Driver info: driver.version: ChromeDriver
remote stacktrace: Backtrace:
	Ordinal0 [0x00CDFDC3+2555331]
	Ordinal0 [0x00C777F1+2127857]
	Ordinal0 [0x00B72E08+1060360]
	Ordinal0 [0x00B919CA+1186250]
	Ordinal0 [0x00B8D825+1169445]
	Ordinal0 [0x00B8AFC1+1159105]
	Ordinal0 [0x00BBC22F+1360431]
	Ordinal0 [0x00BBBE9A+1359514]
	Ordinal0 [0x00BB7976+1341814]
	Ordinal0 [0x00B936B6+1193654]
	Ordinal0 [0x00B94546+1197382]
	GetHandleVerifier [0x00E79622+1619522]
	GetHandleVerifier [0x00F2882C+2336844]
	GetHandleVerifier [0x00D723E1+541697]
	GetHandleVerifier [0x00D71443+537699]
	Ordinal0 [0x00C7D18E+2150798]
	Ordinal0 [0x00C81518+2168088]
	Ordinal0 [0x00C81660+2168416]
	Ordinal0 [0x00C8B330+2208560]
	BaseThreadInitThunk [0x75D16739+25]
	RtlGetFullPathName_UEx [0x77868E7F+1215]
	RtlGetFullPathName_UEx [0x77868E4D+1165]

	at sun.reflect.NativeConstructorAccessorImpl.newInstance0(Native Method)
	at sun.reflect.NativeConstructorAccessorImpl.newInstance(NativeConstructorAccessorImpl.java:62)
	at sun.reflect.DelegatingConstructorAccessorImpl.newInstance(DelegatingConstructorAccessorImpl.java:45)
	at java.lang.reflect.Constructor.newInstance(Constructor.java:423)
	at org.openqa.selenium.remote.W3CHandshakeResponse.lambda$errorHandler$0(W3CHandshakeResponse.java:62)
	at org.openqa.selenium.remote.HandshakeResponse.lambda$getResponseFunction$0(HandshakeResponse.java:30)
	at org.openqa.selenium.remote.ProtocolHandshake.lambda$createSession$0(ProtocolHandshake.java:126)
	at java.util.stream.ReferencePipeline$3$1.accept(ReferencePipeline.java:193)
	at java.util.Spliterators$ArraySpliterator.tryAdvance(Spliterators.java:958)
	at java.util.stream.ReferencePipeline.forEachWithCancel(ReferencePipeline.java:126)
	at java.util.stream.AbstractPipeline.copyIntoWithCancel(AbstractPipeline.java:498)
	at java.util.stream.AbstractPipeline.copyInto(AbstractPipeline.java:485)
	at java.util.stream.AbstractPipeline.wrapAndCopyInto(AbstractPipeline.java:471)
	at java.util.stream.FindOps$FindOp.evaluateSequential(FindOps.java:152)
	at java.util.stream.AbstractPipeline.evaluate(AbstractPipeline.java:234)
	at java.util.stream.ReferencePipeline.findFirst(ReferencePipeline.java:464)
	at org.openqa.selenium.remote.ProtocolHandshake.createSession(ProtocolHandshake.java:128)
	at org.openqa.selenium.remote.ProtocolHandshake.createSession(ProtocolHandshake.java:74)
	at org.openqa.selenium.remote.HttpCommandExecutor.execute(HttpCommandExecutor.java:136)
	at org.openqa.selenium.remote.service.DriverCommandExecutor.execute(DriverCommandExecutor.java:83)
	at org.openqa.selenium.remote.RemoteWebDriver.execute(RemoteWebDriver.java:552)
	at org.openqa.selenium.remote.RemoteWebDriver.startSession(RemoteWebDriver.java:213)
	at org.openqa.selenium.remote.RemoteWebDriver.&lt;init&gt;(RemoteWebDriver.java:131)
	at org.openqa.selenium.chrome.ChromeDriver.&lt;init&gt;(ChromeDriver.java:181)
	at org.openqa.selenium.chrome.ChromeDriver.&lt;init&gt;(ChromeDriver.java:168)
	at org.openqa.selenium.chrome.ChromeDriver.&lt;init&gt;(ChromeDriver.java:123)
	at With_Yaml.Temperature_yaml.OpenBrowser(Temperature_yaml.java:37)
</failure>
    <system-out>Configuring TestNG with: org.apache.maven.surefire.testng.conf.TestNG652Configurator@d70c109
</system-out>
    <system-err>SLF4J: Failed to load class &quot;org.slf4j.impl.StaticLoggerBinder&quot;.
SLF4J: Defaulting to no-operation (NOP) logger implementation
SLF4J: See http://www.slf4j.org/codes.html#StaticLoggerBinder for further details.
Starting ChromeDriver 97.0.4692.71 (adefa7837d02a07a604c1e6eff0b3a09422ab88d-refs/branch-heads/4692@{#1247}) on port 40387
Only local connections are allowed.
Please see https://chromedriver.chromium.org/security-considerations for suggestions on keeping ChromeDriver safe.
ChromeDriver was started successfully.
</system-err>
  </testcase>
  <testcase classname="With_Yaml.Temperature_yaml" name="CheckTemperature" time="0">
    <skipped/>
  </testcase>
  <testcase classname="With_Yaml.Temperature_yaml" name="CloseBroswer" time="0.035">
    <skipped/>
  </testcase>
</testsuite>