<?xml version="1.0" encoding="UTF-8"?>
<testng-results ignored="0" total="1" passed="1" failed="0" skipped="0">
  <reporter-output>
  </reporter-output>
  <suite started-at="2022-02-27T23:49:04 IST" name="Default suite" finished-at="2022-02-27T23:49:18 IST" duration-ms="14006">
    <groups>
    </groups>
    <test started-at="2022-02-27T23:49:04 IST" name="Default test" finished-at="2022-02-27T23:49:18 IST" duration-ms="14006">
      <class name="With_Yaml.Temperature_yaml">
        <test-method is-config="true" signature="read_data()[pri:0, instance:With_Yaml.Temperature_yaml@7334aada]" started-at="2022-02-27T23:49:03 IST" name="read_data" finished-at="2022-02-27T23:49:04 IST" duration-ms="273" status="PASS">
          <reporter-output>
          </reporter-output>
        </test-method> <!-- read_data -->
        <test-method is-config="true" signature="OpenBrowser()[pri:0, instance:With_Yaml.Temperature_yaml@7334aada]" started-at="2022-02-27T23:49:04 IST" name="OpenBrowser" finished-at="2022-02-27T23:49:11 IST" duration-ms="7645" status="PASS">
          <reporter-output>
          </reporter-output>
        </test-method> <!-- OpenBrowser -->
        <test-method signature="CheckTemperature()[pri:0, instance:With_Yaml.Temperature_yaml@7334aada]" started-at="2022-02-27T23:49:11 IST" name="CheckTemperature" finished-at="2022-02-27T23:49:18 IST" duration-ms="6328" status="PASS">
          <reporter-output>
          </reporter-output>
        </test-method> <!-- CheckTemperature -->
        <test-method is-config="true" signature="CloseBroswer()[pri:0, instance:With_Yaml.Temperature_yaml@7334aada]" started-at="2022-02-27T23:49:18 IST" name="CloseBroswer" finished-at="2022-02-27T23:49:21 IST" duration-ms="3187" status="PASS">
          <reporter-output>
          </reporter-output>
        </test-method> <!-- CloseBroswer -->
      </class> <!-- With_Yaml.Temperature_yaml -->
    </test> <!-- Default test -->
  </suite> <!-- Default suite -->
</testng-results>
